[debug] [2023-07-15T03:54:29.987Z] ----------------------------------------------------------------------
[debug] [2023-07-15T03:54:29.990Z] Command:       C:\Program Files\nodejs\node.exe C:\Program Files\nodejs\node_modules\firebase-tools\lib\bin\firebase.js deploy
[debug] [2023-07-15T03:54:29.991Z] CLI Version:   12.4.3
[debug] [2023-07-15T03:54:29.992Z] Platform:      win32
[debug] [2023-07-15T03:54:29.992Z] Node Version:  v16.18.1
[debug] [2023-07-15T03:54:29.994Z] Time:          Sat Jul 15 2023 12:54:29 GMT+0900 (日本標準時)
[debug] [2023-07-15T03:54:29.995Z] ----------------------------------------------------------------------
[debug] 
[debug] [2023-07-15T03:54:30.002Z] >>> [apiv2][query] GET https://firebase-public.firebaseio.com/cli.json [none]
[debug] [2023-07-15T03:54:30.168Z] > command requires scopes: ["email","openid","https://www.googleapis.com/auth/cloudplatformprojects.readonly","https://www.googleapis.com/auth/firebase","https://www.googleapis.com/auth/cloud-platform"]
[debug] [2023-07-15T03:54:30.169Z] > authorizing via signed-in user (hiromu2427@gmail.com)
[debug] [2023-07-15T03:54:30.170Z] [iam] checking project kenkyuu-53300 for permissions ["cloudfunctions.functions.create","cloudfunctions.functions.delete","cloudfunctions.functions.get","cloudfunctions.functions.list","cloudfunctions.functions.update","cloudfunctions.operations.get","datastore.indexes.create","datastore.indexes.delete","datastore.indexes.list","datastore.indexes.update","firebase.projects.get","firebasehosting.sites.update"]
[debug] [2023-07-15T03:54:30.172Z] > refreshing access token with scopes: []
[debug] [2023-07-15T03:54:30.174Z] >>> [apiv2][query] POST https://www.googleapis.com/oauth2/v3/token [none]
[debug] [2023-07-15T03:54:30.174Z] >>> [apiv2][body] POST https://www.googleapis.com/oauth2/v3/token [omitted]
[debug] [2023-07-15T03:54:30.509Z] <<< [apiv2][status] POST https://www.googleapis.com/oauth2/v3/token 400
[debug] [2023-07-15T03:54:30.509Z] <<< [apiv2][body] POST https://www.googleapis.com/oauth2/v3/token [omitted]
[debug] [2023-07-15T03:54:30.510Z] >>> [apiv2][query] POST https://cloudresourcemanager.googleapis.com/v1/projects/kenkyuu-53300:testIamPermissions [none]
[debug] [2023-07-15T03:54:30.510Z] >>> [apiv2][(partial)header] POST https://cloudresourcemanager.googleapis.com/v1/projects/kenkyuu-53300:testIamPermissions x-goog-quota-user=projects/kenkyuu-53300
[debug] [2023-07-15T03:54:30.511Z] >>> [apiv2][body] POST https://cloudresourcemanager.googleapis.com/v1/projects/kenkyuu-53300:testIamPermissions {"permissions":["cloudfunctions.functions.create","cloudfunctions.functions.delete","cloudfunctions.functions.get","cloudfunctions.functions.list","cloudfunctions.functions.update","cloudfunctions.operations.get","datastore.indexes.create","datastore.indexes.delete","datastore.indexes.list","datastore.indexes.update","firebase.projects.get","firebasehosting.sites.update"]}
[debug] [2023-07-15T03:54:30.846Z] <<< [apiv2][status] GET https://firebase-public.firebaseio.com/cli.json 200
[debug] [2023-07-15T03:54:30.846Z] <<< [apiv2][body] GET https://firebase-public.firebaseio.com/cli.json {"cloudBuildErrorAfter":1594252800000,"cloudBuildWarnAfter":1590019200000,"defaultNode10After":1594252800000,"minVersion":"3.0.5","node8DeploysDisabledAfter":1613390400000,"node8RuntimeDisabledAfter":1615809600000,"node8WarnAfter":1600128000000}
[debug] [2023-07-15T03:54:31.182Z] <<< [apiv2][status] POST https://cloudresourcemanager.googleapis.com/v1/projects/kenkyuu-53300:testIamPermissions 401
[debug] [2023-07-15T03:54:31.183Z] <<< [apiv2][body] POST https://cloudresourcemanager.googleapis.com/v1/projects/kenkyuu-53300:testIamPermissions {"error":{"code":401,"message":"Request had invalid authentication credentials. Expected OAuth 2 access token, login cookie or other valid authentication credential. See https://developers.google.com/identity/sign-in/web/devconsole-project.","status":"UNAUTHENTICATED","details":[{"@type":"type.googleapis.com/google.rpc.ErrorInfo","reason":"ACCESS_TOKEN_TYPE_UNSUPPORTED","metadata":{"service":"cloudresourcemanager.googleapis.com","method":"google.cloudresourcemanager.v1.Projects.TestIamPermissions"}}]}}
[debug] [2023-07-15T03:54:31.184Z] [iam] error while checking permissions, command may fail: FirebaseError: HTTP Error: 401, Request had invalid authentication credentials. Expected OAuth 2 access token, login cookie or other valid authentication credential. See https://developers.google.com/identity/sign-in/web/devconsole-project.
[debug] [2023-07-15T03:54:31.185Z] > refreshing access token with scopes: []
[debug] [2023-07-15T03:54:31.185Z] >>> [apiv2][query] POST https://www.googleapis.com/oauth2/v3/token [none]
[debug] [2023-07-15T03:54:31.186Z] >>> [apiv2][body] POST https://www.googleapis.com/oauth2/v3/token [omitted]
[debug] [2023-07-15T03:54:31.333Z] <<< [apiv2][status] POST https://www.googleapis.com/oauth2/v3/token 400
[debug] [2023-07-15T03:54:31.333Z] <<< [apiv2][body] POST https://www.googleapis.com/oauth2/v3/token [omitted]
[debug] [2023-07-15T03:54:31.333Z] >>> [apiv2][query] POST https://iam.googleapis.com/v1/projects/kenkyuu-53300/serviceAccounts/kenkyuu-53300@appspot.gserviceaccount.com:testIamPermissions [none]
[debug] [2023-07-15T03:54:31.334Z] >>> [apiv2][body] POST https://iam.googleapis.com/v1/projects/kenkyuu-53300/serviceAccounts/kenkyuu-53300@appspot.gserviceaccount.com:testIamPermissions {"permissions":["iam.serviceAccounts.actAs"]}
[debug] [2023-07-15T03:54:31.997Z] <<< [apiv2][status] POST https://iam.googleapis.com/v1/projects/kenkyuu-53300/serviceAccounts/kenkyuu-53300@appspot.gserviceaccount.com:testIamPermissions 401
[debug] [2023-07-15T03:54:31.997Z] <<< [apiv2][body] POST https://iam.googleapis.com/v1/projects/kenkyuu-53300/serviceAccounts/kenkyuu-53300@appspot.gserviceaccount.com:testIamPermissions {"error":{"code":401,"message":"Request had invalid authentication credentials. Expected OAuth 2 access token, login cookie or other valid authentication credential. See https://developers.google.com/identity/sign-in/web/devconsole-project.","status":"UNAUTHENTICATED","details":[{"@type":"type.googleapis.com/google.rpc.ErrorInfo","reason":"ACCESS_TOKEN_TYPE_UNSUPPORTED","metadata":{"service":"iam.googleapis.com","method":"google.iam.admin.v1.IAM.TestIamPermissions"}}]}}
[debug] [2023-07-15T03:54:31.997Z] [functions] service account IAM check errored, deploy may fail: HTTP Error: 401, Request had invalid authentication credentials. Expected OAuth 2 access token, login cookie or other valid authentication credential. See https://developers.google.com/identity/sign-in/web/devconsole-project. {"name":"FirebaseError","children":[],"context":{"body":{"error":{"code":401,"message":"Request had invalid authentication credentials. Expected OAuth 2 access token, login cookie or other valid authentication credential. See https://developers.google.com/identity/sign-in/web/devconsole-project.","status":"UNAUTHENTICATED","details":[{"@type":"type.googleapis.com/google.rpc.ErrorInfo","reason":"ACCESS_TOKEN_TYPE_UNSUPPORTED","metadata":{"service":"iam.googleapis.com","method":"google.iam.admin.v1.IAM.TestIamPermissions"}}]}},"response":{"statusCode":401}},"exit":1,"message":"HTTP Error: 401, Request had invalid authentication credentials. Expected OAuth 2 access token, login cookie or other valid authentication credential. See https://developers.google.com/identity/sign-in/web/devconsole-project.","status":401}
[debug] [2023-07-15T03:54:31.999Z] > refreshing access token with scopes: []
[debug] [2023-07-15T03:54:31.999Z] >>> [apiv2][query] POST https://www.googleapis.com/oauth2/v3/token [none]
[debug] [2023-07-15T03:54:31.999Z] >>> [apiv2][body] POST https://www.googleapis.com/oauth2/v3/token [omitted]
[debug] [2023-07-15T03:54:32.183Z] <<< [apiv2][status] POST https://www.googleapis.com/oauth2/v3/token 400
[debug] [2023-07-15T03:54:32.183Z] <<< [apiv2][body] POST https://www.googleapis.com/oauth2/v3/token [omitted]
[debug] [2023-07-15T03:54:32.185Z] >>> [apiv2][query] GET https://firebase.googleapis.com/v1beta1/projects/kenkyuu-53300 [none]
[debug] [2023-07-15T03:54:32.445Z] <<< [apiv2][status] GET https://firebase.googleapis.com/v1beta1/projects/kenkyuu-53300 401
[debug] [2023-07-15T03:54:32.446Z] <<< [apiv2][body] GET https://firebase.googleapis.com/v1beta1/projects/kenkyuu-53300 {"error":{"code":401,"message":"Request had invalid authentication credentials. Expected OAuth 2 access token, login cookie or other valid authentication credential. See https://developers.google.com/identity/sign-in/web/devconsole-project.","status":"UNAUTHENTICATED"}}
[debug] [2023-07-15T03:54:32.446Z] HTTP Error: 401, Request had invalid authentication credentials. Expected OAuth 2 access token, login cookie or other valid authentication credential. See https://developers.google.com/identity/sign-in/web/devconsole-project.
[debug] [2023-07-15T03:54:32.650Z] FirebaseError: HTTP Error: 401, Request had invalid authentication credentials. Expected OAuth 2 access token, login cookie or other valid authentication credential. See https://developers.google.com/identity/sign-in/web/devconsole-project.
    at responseToError (C:\Users\hirom\AppData\Roaming\nvm\v16.18.1\node_modules\firebase-tools\lib\responseToError.js:49:12)
    at RetryOperation._fn (C:\Users\hirom\AppData\Roaming\nvm\v16.18.1\node_modules\firebase-tools\lib\apiv2.js:288:77)
    at processTicksAndRejections (node:internal/process/task_queues:96:5)
[error] 
[error] Error: Failed to get Firebase project kenkyuu-53300. Please make sure the project exists and your account has permission to access it.
